-------------------------------------------------------------------------------
Test set: DAL.ProduitDAOTest
-------------------------------------------------------------------------------
Tests run: 1, Failures: 1, Errors: 0, Skipped: 0, Time elapsed: 0.42 s <<< FAILURE! - in DAL.ProduitDAOTest
Insert_cas1 on Insert_cas1(DAL.ProduitDAOTest)(DAL.ProduitDAOTest)  Time elapsed: 0.011 s  <<< FAILURE!
java.lang.UnsupportedOperationException: Not supported yet.
	at DAL.ProduitDAOTest.Insert_cas1(ProduitDAOTest.java:36)

