<?xml version="1.0" encoding="UTF-8"?>
<testsuite xmlns:xsi="http://www.w3.org/2001/XMLSchema-instance" xsi:noNamespaceSchemaLocation="https://maven.apache.org/surefire/maven-surefire-plugin/xsd/surefire-test-report.xsd" name="DAL.ProduitDAOTest" time="0.42" tests="1" errors="0" skipped="0" failures="1">
  <properties>
[...]
</properties>
  <testcase name="Insert_cas1 on Insert_cas1(DAL.ProduitDAOTest)" classname="DAL.ProduitDAOTest" time="0.011">
    <failure message="Not supported yet." type="java.lang.UnsupportedOperationException">java.lang.UnsupportedOperationException: Not supported yet.
	at DAL.ProduitDAOTest.Insert_cas1(ProduitDAOTest.java:36)
</failure>
  </testcase>
</testsuite>